This is pdfTeX, Version 3.1415926-1.40.10 (TeX Live 2009/Debian) (format=latex 2011.5.4)  5 JUL 2012 20:52
entering extended mode
 %&-line parsing enabled.
**\input mm-base-cor-arxiv.tex
(./mm-base-cor-arxiv.tex (./elsarticle.cls
Document Class: elsarticle 2009/09/17, 1.20b: Elsevier Ltd
\@bls=\dimen102
(/usr/share/texmf-texlive/tex/latex/base/article.cls
Document Class: article 2007/10/19 v1.4h Standard LaTeX document class
(/usr/share/texmf-texlive/tex/latex/base/size12.clo
File: size12.clo 2007/10/19 v1.4h Standard LaTeX file (size option)
)
\c@part=\count79
\c@section=\count80
\c@subsection=\count81
\c@subsubsection=\count82
\c@paragraph=\count83
\c@subparagraph=\count84
\c@figure=\count85
\c@table=\count86
\abovecaptionskip=\skip41
\belowcaptionskip=\skip42
\bibindent=\dimen103
)
(/usr/share/texmf-texlive/tex/latex/graphics/graphicx.sty
Package: graphicx 1999/02/16 v1.0f Enhanced LaTeX Graphics (DPC,SPQR)

(/usr/share/texmf-texlive/tex/latex/graphics/keyval.sty
Package: keyval 1999/03/16 v1.13 key=value parser (DPC)
\KV@toks@=\toks14
)
(/usr/share/texmf-texlive/tex/latex/graphics/graphics.sty
Package: graphics 2009/02/05 v1.0o Standard LaTeX Graphics (DPC,SPQR)

(/usr/share/texmf-texlive/tex/latex/graphics/trig.sty
Package: trig 1999/03/16 v1.09 sin cos tan (DPC)
)
(/etc/texmf/tex/latex/config/graphics.cfg
File: graphics.cfg 2009/08/28 v1.8 graphics configuration of TeX Live
)
Package graphics Info: Driver file: dvips.def on input line 91.

(/usr/share/texmf-texlive/tex/latex/graphics/dvips.def
File: dvips.def 1999/02/16 v3.0i Driver-dependant file (DPC,SPQR)
))
\Gin@req@height=\dimen104
\Gin@req@width=\dimen105
)
(/usr/share/texmf-texlive/tex/latex/psnfss/pifont.sty
Package: pifont 2005/04/12 PSNFSS-v9.2a Pi font support (SPQR) 
LaTeX Font Info:    Try loading font information for U+pzd on input line 63.

(/usr/share/texmf-texlive/tex/latex/psnfss/upzd.fd
File: upzd.fd 2001/06/04 font definitions for U/pzd.
)
LaTeX Font Info:    Try loading font information for U+psy on input line 64.

(/usr/share/texmf-texlive/tex/latex/psnfss/upsy.fd
File: upsy.fd 2001/06/04 font definitions for U/psy.
))
\c@tnote=\count87
\c@fnote=\count88
\c@cnote=\count89
\c@ead=\count90
\c@author=\count91
\@eadauthor=\toks15
\c@affn=\count92
\absbox=\box26
\keybox=\box27
\Columnwidth=\dimen106
\space@left=\dimen107
\els@boxa=\box28
\els@boxb=\box29
\leftMargin=\dimen108
\@enLab=\toks16
\@sep=\skip43
\@@sep=\skip44
 (./mm-base-cor-arxiv.spl)
(/usr/share/texmf-texlive/tex/latex/natbib/natbib.sty
Package: natbib 2009/07/16 8.31 (PWD, AO)
\bibhang=\skip45
\bibsep=\skip46
LaTeX Info: Redefining \cite on input line 694.
\c@NAT@ctr=\count93
)
\splwrite=\write3
\openout3 = `mm-base-cor-arxiv.spl'.

\appnamewidth=\dimen109
)
(/usr/share/texmf-texlive/tex/latex/amsfonts/amssymb.sty
Package: amssymb 2009/06/22 v3.00

(/usr/share/texmf-texlive/tex/latex/amsfonts/amsfonts.sty
Package: amsfonts 2009/06/22 v3.00 Basic AMSFonts support
\@emptytoks=\toks17
\symAMSa=\mathgroup4
\symAMSb=\mathgroup5
LaTeX Font Info:    Overwriting math alphabet `\mathfrak' in version `bold'
(Font)                  U/euf/m/n --> U/euf/b/n on input line 96.
))
(/usr/share/texmf-texlive/tex/latex/ltxmisc/url.sty
\Urlmuskip=\muskip10
Package: url 2006/04/12  ver 3.3  Verb mode for urls, etc.
)
(/usr/share/texmf-texlive/tex/latex/algorithm2e/algorithm2e.sty
Package: algorithm2e 2005/10/04 v3.9 algorithms environments
\c@AlgoLine=\count94

(/usr/share/texmf-texlive/tex/latex/base/ifthen.sty
Package: ifthen 2001/05/26 v1.1c Standard LaTeX ifthen package (DPC)
)
(/usr/share/texmf-texlive/tex/latex/tools/xspace.sty
Package: xspace 2006/05/08 v1.12 Space after command names (DPC,MH)
)
********************************************************
Package `algorithm2e' Release 3.9 -- october 04 2005 --
- algorithm2e-announce@lirmm.fr mailing list for announcement about releases
- algorithm2e-discussion@lirmm.fr mailing list for discussion about package
subscribe by emailing sympa@lirmm.fr with 'subscribe <list> <firstname name>'
- Author: Christophe Fiorio (fiorio@lirmm.fr)
********************************************************
\skiptotal=\skip47
\skiprule=\skip48
\skiphlne=\skip49
\skiptext=\skip50
\skiplength=\skip51
\algomargin=\skip52
\skipalgocfslide=\skip53
\algowidth=\dimen110
\inoutsize=\dimen111
\inoutline=\dimen112
\algocf@inoutbox=\box30
\algocf@inputbox=\box31
\AlCapSkip=\skip54
\AlCapHSkip=\skip55
\algocf@capbox=\box32
\c@algocfline=\count95
\c@algocf=\count96
\algocf@algoframe=\box33
\algocf@algobox=\box34
) (./mm-base-cor-arxiv.aux)
\openout1 = `mm-base-cor-arxiv.aux'.

LaTeX Font Info:    Checking defaults for OML/cmm/m/it on input line 11.
LaTeX Font Info:    ... okay on input line 11.
LaTeX Font Info:    Checking defaults for T1/cmr/m/n on input line 11.
LaTeX Font Info:    ... okay on input line 11.
LaTeX Font Info:    Checking defaults for OT1/cmr/m/n on input line 11.
LaTeX Font Info:    ... okay on input line 11.
LaTeX Font Info:    Checking defaults for OMS/cmsy/m/n on input line 11.
LaTeX Font Info:    ... okay on input line 11.
LaTeX Font Info:    Checking defaults for OMX/cmex/m/n on input line 11.
LaTeX Font Info:    ... okay on input line 11.
LaTeX Font Info:    Checking defaults for U/cmr/m/n on input line 11.
LaTeX Font Info:    ... okay on input line 11.
LaTeX Font Info:    Try loading font information for U+msa on input line 57.

(/usr/share/texmf-texlive/tex/latex/amsfonts/umsa.fd
File: umsa.fd 2009/06/22 v3.00 AMS symbols A
)
LaTeX Font Info:    Try loading font information for U+msb on input line 57.

(/usr/share/texmf-texlive/tex/latex/amsfonts/umsb.fd
File: umsb.fd 2009/06/22 v3.00 AMS symbols B
)
LaTeX Font Info:    Try loading font information for OMS+cmr on input line 57.

(/usr/share/texmf-texlive/tex/latex/base/omscmr.fd
File: omscmr.fd 1999/05/25 v2.5h Standard LaTeX font definitions
)
LaTeX Font Info:    Font shape `OMS/cmr/m/it' in size <10> not available
(Font)              Font shape `OMS/cmsy/m/n' tried instead on input line 57.
 [1


]
LaTeX Font Info:    Font shape `OMS/cmr/m/n' in size <12> not available
(Font)              Font shape `OMS/cmsy/m/n' tried instead on input line 77.
 [2] [3] [4]
Missing character: There is no Ã in font cmr12!
Missing character: There is no ¯ in font cmr12!
 [5]
Overfull \hbox (17.21147pt too wide) in paragraph at lines 342--346
[]\OT1/cmr/m/n/12 Minimizing the worst-case par-ti-tion [[]]: pick $\OML/cmm/m/
it/12 c[] \OT1/cmr/m/n/12 = [] [][]\OMS/cmsy/m/n/12 f[][]\OT1/cmr/m/n/12 (^^D[]
)\OMS/cmsy/m/n/12 g$\OT1/cmr/m/n/12 .
 []

[6]
Overfull \hbox (45.22363pt too wide) in paragraph at lines 346--348
[]\OT1/cmr/m/n/12 Minimizing the average-case par-ti-tion [[], []]: pick $\OML/
cmm/m/it/12 c[] \OT1/cmr/m/n/12 = [] [][]\OMS/cmsy/m/n/12 f[][] \OML/cmm/m/it/1
2 p[]\OT1/cmr/m/n/12 ^^D[]\OMS/cmsy/m/n/12 g$\OT1/cmr/m/n/12 ,
 []


Overfull \hbox (41.68085pt too wide) in paragraph at lines 348--350
[]\OT1/cmr/m/n/12 Maximizing the num-ber of po-ten-tial par-ti-tions [[]]: pick
 $\OML/cmm/m/it/12 c[] \OT1/cmr/m/n/12 = [] [][]\OMS/cmsy/m/n/12 fjf\OT1/cmr/m/
n/12 ^^D[] \OML/cmm/m/it/12 >
 []


Overfull \hbox (42.19804pt too wide) in paragraph at lines 350--354
[]\OT1/cmr/m/n/12 Maximizing the in-for-ma-tion gained [[], [], []]: pick $\OML
/cmm/m/it/12 c[] \OT1/cmr/m/n/12 = [] [][]\OMS/cmsy/m/n/12 f\OML/cmm/m/it/12 H[
] []\OMS/cmsy/m/n/12 g$\OT1/cmr/m/n/12 ,
 []


Underfull \hbox (badness 10000) detected at line 366
[][]
 []

[7] [8]
File: histo-me.eps Graphic file (type eps)
 <histo-me.eps>
File: dif-46.eps Graphic file (type eps)
 <dif-46.eps>
File: score-dif-46.eps Graphic file (type eps)
 <score-dif-46.eps> [9] [10] [11]
File: cset-me.eps Graphic file (type eps)

<cset-me.eps> [12]

LaTeX Warning: Text page 13 contains only floats.

[13]
File: top-me.eps Graphic file (type eps)
 <top-me.eps> [14]
File: prob-me-46.eps Graphic file (type eps)
 <prob-me-46.eps> [15] [16]
File: histo-me-4-8.eps Graphic file (type eps)
 <histo-me-4-8.eps> [17]
File: csets-me-4-8.eps Graphic file (type eps)

<csets-me-4-8.eps>
File: dif-48.eps Graphic file (type eps)
 <dif-48.eps>
File: score-dif-48.eps Graphic file (type eps)
 <score-dif-48.eps> [18] [19] [20]
File: top-me-4-8.eps Graphic file (type eps)

<top-me-4-8.eps>
File: prob-me-48.eps Graphic file (type eps)
 <prob-me-48.eps> [21] [22] [23]
Underfull \hbox (badness 10000) detected at line 977
[][]
 []


Underfull \hbox (badness 10000) detected at line 1006
[][]
 []

[24] [25]
File: top-plus-4-6.eps Graphic file (type eps)
 <top-plus-4-6.eps>
File: prob-plus-46.eps Graphic file (type eps)
 <prob-plus-46.eps> [26]
Overfull \hbox (42.63445pt too wide) in paragraph at lines 1137--1150
 [][] 
 []

File: csets-plus-4-8.eps Graphic file (type eps)
<csets-plus-4-8.eps>
File: top-plus-4-8.eps Graphic file (type eps)
 <top-plus-4-8.eps>
File: prob-plus-48.eps Graphic file (type eps)
 <prob-plus-48.eps> [27] [28]

LaTeX Warning: Text page 29 contains only floats.

[29] [30] [31] [32]
File: prob-abca-48.eps Graphic file (type eps)
 <prob-abca-48.eps>
File: scoredif-abca-48.eps Graphic file (type eps)
 <scoredif-abca-48.eps> [33] [34]
[35] [36] [37] (./mm-base-cor-arxiv.bbl [38]
Underfull \hbox (badness 2261) in paragraph at lines 46--51
[]\OT1/cmr/m/n/12 J. J. Merelo-Guerv^^Sos, P. Castillo, V. Ri-vas, Find-ing a n
ee-dle
 []


Underfull \hbox (badness 2913) in paragraph at lines 46--51
\OT1/cmr/m/n/12 in a haystack us-ing hints and evo-lu-tion-ary com-pu-ta-tion: 
the
 []


Underfull \hbox (badness 1052) in paragraph at lines 46--51
\OT1/cmr/m/n/12 case of evo-lu-tion-ary Mas-ter-Mind, Ap-plied Soft Com-put-ing
 6 (2)
 []


Underfull \hbox (badness 10000) in paragraph at lines 53--56
[]\OT1/cmr/m/n/12 Several Au-thors, How to solve the ''Mas-ter-mind'' guess-
 []


Underfull \hbox (badness 10000) in paragraph at lines 53--56
\OT1/cmr/m/n/12 ing game?, $\OT1/cmtt/m/n/12 http : / / stackoverflow . com / q
uestions / 1185634 /
 []


Underfull \hbox (badness 10000) in paragraph at lines 53--56
\OT1/cmtt/m/n/12 how-[]to-[]solve-[]the-[]mastermind-[]guessing-[]game$\OT1/cmr
/m/n/12 , ques-tion posed
 []

[39]
Underfull \hbox (badness 1924) in paragraph at lines 118--125
[]\OT1/cmr/m/n/12 C. Cotta, J. Merelo Guerv^^Sos, A. Mora Garc^^S^^Pa, T. Runar
s-son,
 []

[40]) [41] (./mm-base-cor-arxiv.aux) ) 
Here is how much of TeX's memory you used:
 2748 strings out of 495062
 33463 string characters out of 1182645
 129116 words of memory out of 3000000
 5889 multiletter control sequences out of 15000+50000
 14490 words of font info for 55 fonts, out of 3000000 for 9000
 28 hyphenation exceptions out of 8191
 32i,10n,30p,825b,353s stack positions out of 5000i,500n,10000p,200000b,50000s

Output written on mm-base-cor-arxiv.dvi (41 pages, 116344 bytes).
